converter.35e2d28c.js:1 inject converter.
lockdown-install.js:1 SES Removing unpermitted intrinsics
client:731 [vite] connecting...
index.ts:150 [Logger] Initialized with level: DEBUG
index.ts:465 创建文件输入框
main.ts:16 [Intervention] Slow network is detected. See https://www.chromestatus.com/feature/5636954674692096 for more details. Fallback font will be used while loading: chrome-extension://difoiogjjojoaoomphldepapgpbgkhkb/fonts/Noto-Sans-SC.woff2
inject.js:2 test inject(injectKey)! undefined
client:833 [vite] connected.
UploadFile.ts:1145 ✅ 全局 XHR 拦截器已安装
index.ts:307 [INFO] [UploadFile] ✅ 开始普通上传: 1.mp4 {fileId: 'file_mpi32lhu_eqkoaxej', fileName: '1.mp4'} 
    at http://localhost:6677/@fs/D:/yjl/file-UD/packages/core/src/uploader/UploadFile.ts:249:13
index.ts:127 [Monitor Debug] 收到日志: {module: 'UploadFile', message: '✅ 开始普通上传: 1.mp4', args: Array(1), timestamp: 1779524719700}
index.ts:307 [INFO] [UploadFile] ✅ 开始上传文件: 1.mp4 {fileId: 'file_mpi32lhu_eqkoaxej', fileName: '1.mp4', fileSize: 1924753074, isChunkUpload: false} 
    at http://localhost:6677/@fs/D:/yjl/file-UD/packages/core/src/uploader/UploadFile.ts:470:12
index.ts:127 [Monitor Debug] 收到日志: {module: 'UploadFile', message: '✅ 开始上传文件: 1.mp4', args: Array(1), timestamp: 1779524719700}
index.ts:138 [Monitor Debug] 匹配到开始上传: {fileId: 'file_mpi32lhu_eqkoaxej', hasFileId: true}
UploadFile.ts:696 🕐 [全局时间] 开始计时 {timestamp: '2026-05-23T08:25:19.700Z', fileName: '1.mp4', fileId: 'file_mpi32lhu_eqkoaxej'}
UploadFile.ts:702 🕐 [全局时间] startTime: 1779524719700
index.ts:307 [INFO] [UploadFile] ✅ 开始普通上传: 009-编写智能合约-入门_哔哩哔哩_bilibili.webm {fileId: 'file_mpi32t4o_qomeerib', fileName: '009-编写智能合约-入门_哔哩哔哩_bilibili.webm'} 
    at http://localhost:6677/@fs/D:/yjl/file-UD/packages/core/src/uploader/UploadFile.ts:249:13
index.ts:127 [Monitor Debug] 收到日志: {module: 'UploadFile', message: '✅ 开始普通上传: 009-编写智能合约-入门_哔哩哔哩_bilibili.webm', args: Array(1), timestamp: 1779524729593}
index.ts:307 [INFO] [UploadFile] ✅ 开始上传文件: 009-编写智能合约-入门_哔哩哔哩_bilibili.webm {fileId: 'file_mpi32t4o_qomeerib', fileName: '009-编写智能合约-入门_哔哩哔哩_bilibili.webm', fileSize: 187047546, isChunkUpload: false} 
    at http://localhost:6677/@fs/D:/yjl/file-UD/packages/core/src/uploader/UploadFile.ts:470:12
index.ts:127 [Monitor Debug] 收到日志: {module: 'UploadFile', message: '✅ 开始上传文件: 009-编写智能合约-入门_哔哩哔哩_bilibili.webm', args: Array(1), timestamp: 1779524729593}
index.ts:138 [Monitor Debug] 匹配到开始上传: {fileId: 'file_mpi32t4o_qomeerib', hasFileId: true}
App.vue:164 🚀 ~ res: {data: {…}, status: 200, statusText: 'OK', headers: AxiosHeaders$1, config: {…}, …}
index.ts:307 [INFO] [UploadFile] ✅ 文件上传成功: 009-编写智能合约-入门_哔哩哔哩_bilibili.webm {fileId: 'file_mpi32t4o_qomeerib', fileName: '009-编写智能合约-入门_哔哩哔哩_bilibili.webm', fileSize: 187047546} 
    at UploadFile.onScuccess (http://localhost:6677/@fs/D:/yjl/file-UD/packages/core/src/uploader/UploadFile.ts:569:10)
index.ts:127 [Monitor Debug] 收到日志: {module: 'UploadFile', message: '✅ 文件上传成功: 009-编写智能合约-入门_哔哩哔哩_bilibili.webm', args: Array(1), timestamp: 1779524733305}
index.ts:157 [Monitor Debug] 匹配到上传成功: {fileId: 'file_mpi32t4o_qomeerib', hasFileId: true}
index.ts:307 [INFO] [UploadFile] ✅ 开始普通上传: 1.mp4 {fileId: 'file_mpi33041_au8c0jjj', fileName: '1.mp4'} 
    at http://localhost:6677/@fs/D:/yjl/file-UD/packages/core/src/uploader/UploadFile.ts:249:13
index.ts:127 [Monitor Debug] 收到日志: {module: 'UploadFile', message: '✅ 开始普通上传: 1.mp4', args: Array(1), timestamp: 1779524738643}
index.ts:307 [INFO] [UploadFile] ✅ 开始上传文件: 1.mp4 {fileId: 'file_mpi33041_au8c0jjj', fileName: '1.mp4', fileSize: 1924753074, isChunkUpload: false} 
    at http://localhost:6677/@fs/D:/yjl/file-UD/packages/core/src/uploader/UploadFile.ts:470:12
index.ts:127 [Monitor Debug] 收到日志: {module: 'UploadFile', message: '✅ 开始上传文件: 1.mp4', args: Array(1), timestamp: 1779524738643}
index.ts:138 [Monitor Debug] 匹配到开始上传: {fileId: 'file_mpi33041_au8c0jjj', hasFileId: true}
App.vue:164 🚀 ~ res: {data: {…}, status: 200, statusText: 'OK', headers: AxiosHeaders$1, config: {…}, …}
index.ts:307 [INFO] [UploadFile] ✅ 文件上传成功: 1.mp4 {fileId: 'file_mpi32lhu_eqkoaxej', fileName: '1.mp4', fileSize: 1924753074} 
    at UploadFile.onScuccess (http://localhost:6677/@fs/D:/yjl/file-UD/packages/core/src/uploader/UploadFile.ts:569:10)
index.ts:127 [Monitor Debug] 收到日志: {module: 'UploadFile', message: '✅ 文件上传成功: 1.mp4', args: Array(1), timestamp: 1779524740602}
index.ts:157 [Monitor Debug] 匹配到上传成功: {fileId: 'file_mpi32lhu_eqkoaxej', hasFileId: true}
client:440 [Violation] 'setInterval' handler took 61ms
App.vue:164 🚀 ~ res: {data: {…}, status: 200, statusText: 'OK', headers: AxiosHeaders$1, config: {…}, …}
index.ts:307 [INFO] [UploadFile] ✅ 文件上传成功: 1.mp4 {fileId: 'file_mpi33041_au8c0jjj', fileName: '1.mp4', fileSize: 1924753074} 
    at UploadFile.onScuccess (http://localhost:6677/@fs/D:/yjl/file-UD/packages/core/src/uploader/UploadFile.ts:569:10)
index.ts:127 [Monitor Debug] 收到日志: {module: 'UploadFile', message: '✅ 文件上传成功: 1.mp4', args: Array(1), timestamp: 1779524765411}
index.ts:157 [Monitor Debug] 匹配到上传成功: {fileId: 'file_mpi33041_au8c0jjj', hasFileId: true}
App.vue:159 🚀 ~ fileList: (3) [Proxy(UploadFile), Proxy(UploadFile), Proxy(UploadFile)]0: Proxy(UploadFile) {isCancel: false, hashPercent: 0, hashLoading: false, uploadedFormatSize: '1.79 GB', formData: FormData, …}[[Handler]]: Object[[Target]]: UploadFileFile: File {name: '1.mp4', lastModified: 1757998678105, lastModifiedDate: Tue Sep 16 2025 12:57:58 GMT+0800 (中国标准时间), webkitRelativePath: '', size: 1924753074, …}abort: () => {…}chunkManager: nullcontext: {uploader: Uploader, shared: Map(0), config: {…}}extension: "mp4"fileId: "file_mpi32lhu_eqkoaxej"fileName: "1.mp4"formData: FormData {}formatSize: "1.79 GB"hashLoading: falsehashPercent: 0index: 0isCancel: falseisRetry: falselastUpdateTime: 1779524740579lastUploadedBytes: 1905505543loading: falsepercent: 100proxy: Proxy(UploadFile) {isCancel: false, hashPercent: 0, hashLoading: false, uploadedFormatSize: '1.79 GB', formData: FormData, …}reject: ƒ ()resolve: ƒ ()speed: {currentSpeed: 190569613.86138615, averageSpeed: 91774095.41010451, currentSpeedFormatted: '181.74 MB/s', averageSpeedFormatted: '87.52 MB/s'}status: "success"uploadStartTime: 1779524719816uploadTime: {startTime: 1779524719700, endTime: 1779524740602, duration: 20902, durationFormatted: '20s'}uploadedFormatSize: "1.79 GB"url: "blob:http://localhost:6677/9dae1697-d419-4603-bf46-21dd2765a56b"__hasCountedTotalBytes__: true__pluginContext: {uploader: Uploader, shared: Map(0), config: {…}}__transferBytes__: 1924753074__uploader__: Uploader {config: {…}, lastLoadedMap: Map(0), id: 0, transferredBytes: 1924753074, totalBytes: 4036553694, …}[[Prototype]]: TransferFile[[IsRevoked]]: false1: Proxy(UploadFile)[[Handler]]: Object[[Target]]: UploadFileFile: File {name: '009-编写智能合约-入门_哔哩哔哩_bilibili.webm', lastModified: 1776912338445, lastModifiedDate: Thu Apr 23 2026 10:45:38 GMT+0800 (中国标准时间), webkitRelativePath: '', size: 187047546, …}abort: () => {…}chunkManager: nullcontext: {uploader: Uploader, shared: Map(0), config: {…}}extension: "webm"fileId: "file_mpi32t4o_qomeerib"fileName: "009-编写智能合约-入门_哔哩哔哩_bilibili.webm"formData: FormData {}formatSize: "178.38 MB"hashLoading: falsehashPercent: 0index: 1isCancel: falseisRetry: falselastUpdateTime: 1779524733216lastUploadedBytes: 181436119loading: falsepercent: 100proxy: Proxy(UploadFile) {isCancel: false, hashPercent: 0, hashLoading: false, uploadedFormatSize: '178.38 MB', formData: FormData, …}reject: ƒ ()resolve: ƒ ()speed: {currentSpeed: 56114260, averageSpeed: 56539769.08694297, currentSpeedFormatted: '53.51 MB/s', averageSpeedFormatted: '53.92 MB/s'}status: "success"uploadStartTime: 1779524730007uploadTime: {startTime: 1779524729593, endTime: 1779524733305, duration: 3712, durationFormatted: '3s'}uploadedFormatSize: "178.38 MB"url: "blob:http://localhost:6677/5df4ac90-75ab-4349-a54b-9e1899db85f5"__hasCountedTotalBytes__: true__pluginContext: {uploader: Uploader, shared: Map(0), config: {…}}__transferBytes__: 187047546__uploader__: Uploader {config: {…}, lastLoadedMap: Map(0), id: 0, transferredBytes: 1924753074, totalBytes: 4036553694, …}[[Prototype]]: TransferFile[[IsRevoked]]: false2: Proxy(UploadFile)[[Handler]]: Object[[Target]]: UploadFileFile: File {name: '1.mp4', lastModified: 1757998678105, lastModifiedDate: Tue Sep 16 2025 12:57:58 GMT+0800 (中国标准时间), webkitRelativePath: '', size: 1924753074, …}abort: () => {…}chunkManager: nullcontext: {uploader: Uploader, shared: Map(0), config: {…}}extension: "mp4"fileId: "file_mpi33041_au8c0jjj"fileName: "1.mp4"formData: FormData {}formatSize: "1.79 GB"hashLoading: falsehashPercent: 0index: 2isCancel: falseisRetry: falselastUpdateTime: 1779524765312lastUploadedBytes: 1905505543loading: falsepercent: 100proxy: Proxy(UploadFile) {isCancel: false, hashPercent: 0, hashLoading: false, uploadedFormatSize: '1.79 GB', formData: FormData, …}reject: ƒ ()resolve: ƒ ()speed: {currentSpeed: 95758860.69651741, averageSpeed: 72579627.59960388, currentSpeedFormatted: '91.32 MB/s', averageSpeedFormatted: '69.22 MB/s'}status: "success"uploadStartTime: 1779524739058uploadTime: {startTime: 1779524738644, endTime: 1779524765415, duration: 26771, durationFormatted: '26s'}uploadedFormatSize: "1.79 GB"url: "blob:http://localhost:6677/45b105ab-67f5-42f2-ab67-b10e7bd0d82f"__hasCountedTotalBytes__: true__pluginContext: {uploader: Uploader, shared: Map(0), config: {…}}__transferBytes__: 1924753074__uploader__: Uploader {config: {…}, lastLoadedMap: Map(0), id: 0, transferredBytes: 1924753074, totalBytes: 4036553694, …}[[Prototype]]: TransferFile[[IsRevoked]]: falselength: 3[[Prototype]]: Array(0)
UploadFile.ts:806 🏁 [全局时间] 所有文件完成，准备结束计时 {timestamp: '2026-05-23T08:26:05.413Z', fileName: '1.mp4', fileId: 'file_mpi33041_au8c0jjj', activeFilesCount: 0}
UploadFile.ts:812 🏁 [全局时间] 结束前 - startTime: 1779524719700
UploadFile.ts:813 🏁 [全局时间] 结束前 - endTime: 0
UploadFile.ts:814 🏁 [全局时间] 结束前 - duration: 0
UploadFile.ts:818 🏁 [全局时间] 结束后 - startTime: 1779524719700
UploadFile.ts:819 🏁 [全局时间] 结束后 - endTime: 1779524765413
UploadFile.ts:820 🏁 [全局时间] 结束后 - duration: 45713
UploadFile.ts:821 🏁 [全局时间] 结束后 - durationFormatted: 45s
UploadFile.ts:822 🏁 [全局时间] 计算结果: {durationMs: 45713, durationSeconds: 45.713, formatted: '45s'}
UploadFile.ts:829 🔄 [全局时间] 已重置 startTime 为 0
