index.ts:46 [XHRInterceptor] 创建拦截器: Downloader
index.ts:222 ✅ 全局 XHR 拦截器已安装: Downloader
index.ts:307 [INFO] [DownloadFile] ✅ 开始分片下载: test4.mp4 {fileId: 'file_mqjdod0m_mdc61d7i', fileName: 'test4.mp4'} 
    at http://localhost:6677/@fs/D:/yjl/file-UD/packages/core/src/transfer/TransferFile.ts?t=1781779603130:88:14
index.ts:354 [ChunkManager] start() 入口, fileName=test4.mp4, gen=1, completedChunks=0, totalChunks=92, isCancelled=false, isPaused=false
DownloadChunkManager.ts:455 [DownloadChunkManager] ensureWritableClosed() 入口, pendingWrites=0, hasWritable=false
DownloadChunkManager.ts:487 [DownloadChunkManager] ensureWritableClosed() 完成
index.ts:307 [INFO] [DownloadChunkManager] ✅ 初始化下载任务 {fileName: 'test4.mp4', totalChunks: 92} 
    at DownloadChunkManager.doInit (http://localhost:6677/@fs/D:/yjl/file-UD/packages/core/src/downloader/DownloadChunkManager.ts?t=1781779603130:34:10)
DownloadChunkManager.ts:59 [DownloadChunkManager] doInit() 入口, fileName=test4.mp4, completedChunks=0, totalChunks=92
App.vue:168 [App] onInitChunk 回调结果: fileHash=test4.mp4-1924753074, serverChunks= []
index.ts:307 [INFO] [DownloadChunkManager] ✅ 初始化回调返回成功 {fileName: 'test4.mp4'} 
    at DownloadChunkManager.doInit (http://localhost:6677/@fs/D:/yjl/file-UD/packages/core/src/downloader/DownloadChunkManager.ts?t=1781779603130:53:13)
DownloadChunkManager.ts:170 [DownloadChunkManager] 🔍 尝试从 IndexedDB 恢复进度, fileHash=test4.mp4-1924753074, enableFileCache=true
index.ts:307 [INFO] [FileCache] ✅ 加载下载进度: test4.mp4 (46/92) 
    at request.onsuccess (http://localhost:6677/@fs/D:/yjl/file-UD/packages/core/src/utils/fileCache.ts:457:13)
DownloadChunkManager.ts:176 [DownloadChunkManager] 📦 IndexedDB 查询结果: 找到 46/92 个已完成分片
index.ts:307 [INFO] [DownloadChunkManager] ✅ ✅ 从 IndexedDB 恢复下载进度 {fileName: 'test4.mp4', completedChunks: 46, totalChunks: 92} 
    at DownloadChunkManager.doInit (http://localhost:6677/@fs/D:/yjl/file-UD/packages/core/src/downloader/DownloadChunkManager.ts?t=1781779603130:112:13)
index.ts:307 [INFO] [DownloadChunkManager] ✅ ✅ 启用流式写入磁盘（续传模式） {fileName: 'test4.mp4', keepExistingData: true} 
    at DownloadChunkManager.doInit (http://localhost:6677/@fs/D:/yjl/file-UD/packages/core/src/downloader/DownloadChunkManager.ts?t=1781779603130:151:11)
DownloadChunkManager.ts:244 [DownloadChunkManager] doInit() 完成, completedChunks=46, isResuming=true, hasWritable=true
index.ts:413 [ChunkManager] doInit() 返回, completedChunks=46, totalChunks=92
index.ts:426 [ChunkManager] 开始 transferWithConcurrency, 需下载 46 个分片
DownloadChunkManager.ts:375 [DownloadChunkManager] 💾 保存下载进度到 IndexedDB: 47/92 分片, fileHash=test4.mp4-1924753074
index.ts:307 [INFO] [DownloadChunkManager] ✅ 分片 47/92 传输成功 {chunkIndex: 46, completedChunks: 47, totalChunks: 92, percent: 51, size: 20971520} 
    at DownloadChunkManager.handleChunkSuccess (http://localhost:6677/@fs/D:/yjl/file-UD/packages/core/src/chunkManager/index.ts?t=1781779343751:423:11)
index.ts:307 [INFO] [DownloadChunkManager] ✅ 分片 48/92 传输成功 {chunkIndex: 47, completedChunks: 48, totalChunks: 92, percent: 52, size: 20971520} 
    at DownloadChunkManager.handleChunkSuccess (http://localhost:6677/@fs/D:/yjl/file-UD/packages/core/src/chunkManager/index.ts?t=1781779343751:423:11)
index.ts:307 [INFO] [DownloadChunkManager] ✅ 分片 49/92 传输成功 {chunkIndex: 48, completedChunks: 49, totalChunks: 92, percent: 53, size: 20971520} 
    at DownloadChunkManager.handleChunkSuccess (http://localhost:6677/@fs/D:/yjl/file-UD/packages/core/src/chunkManager/index.ts?t=1781779343751:423:11)
index.ts:307 [INFO] [DownloadChunkManager] ✅ 分片 50/92 传输成功 {chunkIndex: 49, completedChunks: 50, totalChunks: 92, percent: 54, size: 20971520} 
    at DownloadChunkManager.handleChunkSuccess (http://localhost:6677/@fs/D:/yjl/file-UD/packages/core/src/chunkManager/index.ts?t=1781779343751:423:11)
index.ts:307 [INFO] [DownloadChunkManager] ✅ 分片 51/92 传输成功 {chunkIndex: 50, completedChunks: 51, totalChunks: 92, percent: 55, size: 20971520} 
    at DownloadChunkManager.handleChunkSuccess (http://localhost:6677/@fs/D:/yjl/file-UD/packages/core/src/chunkManager/index.ts?t=1781779343751:423:11)
index.ts:307 [INFO] [DownloadChunkManager] ✅ 分片 52/92 传输成功 {chunkIndex: 51, completedChunks: 52, totalChunks: 92, percent: 56, size: 20971520} 
    at DownloadChunkManager.handleChunkSuccess (http://localhost:6677/@fs/D:/yjl/file-UD/packages/core/src/chunkManager/index.ts?t=1781779343751:423:11)
index.ts:307 [INFO] [DownloadChunkManager] ✅ 分片 53/92 传输成功 {chunkIndex: 52, completedChunks: 53, totalChunks: 92, percent: 57, size: 20971520} 
    at DownloadChunkManager.handleChunkSuccess (http://localhost:6677/@fs/D:/yjl/file-UD/packages/core/src/chunkManager/index.ts?t=1781779343751:423:11)
index.ts:307 [INFO] [DownloadChunkManager] ✅ 分片 54/92 传输成功 {chunkIndex: 53, completedChunks: 54, totalChunks: 92, percent: 58, size: 20971520} 
    at DownloadChunkManager.handleChunkSuccess (http://localhost:6677/@fs/D:/yjl/file-UD/packages/core/src/chunkManager/index.ts?t=1781779343751:423:11)
index.ts:307 [INFO] [DownloadChunkManager] ✅ 分片 55/92 传输成功 {chunkIndex: 54, completedChunks: 55, totalChunks: 92, percent: 59, size: 20971520} 
    at DownloadChunkManager.handleChunkSuccess (http://localhost:6677/@fs/D:/yjl/file-UD/packages/core/src/chunkManager/index.ts?t=1781779343751:423:11)
DownloadChunkManager.ts:375 [DownloadChunkManager] 💾 保存下载进度到 IndexedDB: 56/92 分片, fileHash=test4.mp4-1924753074
index.ts:307 [INFO] [DownloadChunkManager] ✅ 分片 56/92 传输成功 {chunkIndex: 55, completedChunks: 56, totalChunks: 92, percent: 60, size: 20971520} 
    at DownloadChunkManager.handleChunkSuccess (http://localhost:6677/@fs/D:/yjl/file-UD/packages/core/src/chunkManager/index.ts?t=1781779343751:423:11)
index.ts:307 [INFO] [DownloadChunkManager] ✅ 分片 57/92 传输成功 {chunkIndex: 56, completedChunks: 57, totalChunks: 92, percent: 61, size: 20971520} 
    at DownloadChunkManager.handleChunkSuccess (http://localhost:6677/@fs/D:/yjl/file-UD/packages/core/src/chunkManager/index.ts?t=1781779343751:423:11)
TransferFile.ts:216 [TransferFile] cancel() 被调用, fileName=test4.mp4, proxyStatus=UDLoading
TransferFile.ts:226 [TransferFile] ✅ 状态检查通过，执行取消: test4.mp4
TransferFile.ts:231 [TransferFile] 调用 chunkManager.cancel(): test4.mp4
index.ts:307 [INFO] [DownloadChunkManager] ✅ 取消文件 test4.mp4 的传输 {activeControllers: 5} 
    at DownloadChunkManager.cancel (http://localhost:6677/@fs/D:/yjl/file-UD/packages/core/src/chunkManager/index.ts?t=1781779343751:156:10)
index.ts:127 [Monitor Debug] 收到日志: {module: 'DownloadChunkManager', message: '✅ 取消文件 test4.mp4 的传输', args: Array(1), timestamp: 1781779783108}
TransferFile.ts:239 [TransferFile] cancel() 完成, proxyStatus=cancelled
request.js:22 🚀 ~ message: Request aborted
request.js:22 🚀 ~ message: Request aborted
request.js:22 🚀 ~ message: Request aborted
request.js:22 🚀 ~ message: Request aborted
request.js:22 🚀 ~ message: Request aborted
request.js:77 Request failed: AxiosError: Request aborted
    at XMLHttpRequest.handleAbort (axios.js?v=9034a478:2026:11)
    at TransferFile.ts:510:19
    at TransferFile.ts:517:17
    at Array.forEach (<anonymous>)
    at file.abort (TransferFile.ts:515:23)
    at overrides.signal.addEventListener.once (DownloadFile.ts:409:22)
    at index.ts:253:20
    at Array.forEach (<anonymous>)
    at DownloadChunkManager.cancel (index.ts:251:27)
    at next (TransferFile.ts:232:12)
    at Axios$1.request (axios.js?v=9034a478:2577:37)
（匿名） @ request.js:77
Promise.catch
（匿名） @ request.js:76
Ajax.ajax @ request.js:70
Ajax.get @ request.js:84
downloadFileApi @ index.ts:60
action @ App.vue:145
_doHttpRequest @ DownloadFile.ts:413
downloadChunk @ DownloadFile.ts:352
doChunkTransfer @ DownloadChunkManager.ts:264
executeOnce @ index.ts:490
chunkWithRetry @ index.ts:543
（匿名） @ index.ts:696
await in （匿名）
run @ p-queue.js?v=9034a478:655
#tryToStartAnother @ p-queue.js?v=9034a478:550
#next @ p-queue.js?v=9034a478:470
（匿名） @ p-queue.js?v=9034a478:679
XMLHttpRequest.send
XHRProxy.xhr.send @ index.ts:212
dispatchXhrRequest @ axios.js?v=9034a478:2072
xhr @ axios.js?v=9034a478:1982
dispatchRequest @ axios.js?v=9034a478:2450
Promise.then
_request @ axios.js?v=9034a478:2647
request @ axios.js?v=9034a478:2573
Axios$1.<computed> @ axios.js?v=9034a478:2684
wrap @ axios.js?v=9034a478:13
（匿名） @ request.js:72
Ajax.ajax @ request.js:70
Ajax.get @ request.js:84
downloadFileApi @ index.ts:60
action @ App.vue:145
_doHttpRequest @ DownloadFile.ts:413
downloadChunk @ DownloadFile.ts:352
doChunkTransfer @ DownloadChunkManager.ts:264
executeOnce @ index.ts:490
chunkWithRetry @ index.ts:543
（匿名） @ index.ts:696
await in （匿名）
run @ p-queue.js?v=9034a478:655
#tryToStartAnother @ p-queue.js?v=9034a478:550
#next @ p-queue.js?v=9034a478:470
（匿名） @ p-queue.js?v=9034a478:679
XMLHttpRequest.send
XHRProxy.xhr.send @ index.ts:212
dispatchXhrRequest @ axios.js?v=9034a478:2072
xhr @ axios.js?v=9034a478:1982
dispatchRequest @ axios.js?v=9034a478:2450
Promise.then
_request @ axios.js?v=9034a478:2647
request @ axios.js?v=9034a478:2573
Axios$1.<computed> @ axios.js?v=9034a478:2684
wrap @ axios.js?v=9034a478:13
（匿名） @ request.js:72
Ajax.ajax @ request.js:70
Ajax.get @ request.js:84
downloadFileApi @ index.ts:60
action @ App.vue:145
_doHttpRequest @ DownloadFile.ts:413
downloadChunk @ DownloadFile.ts:352
doChunkTransfer @ DownloadChunkManager.ts:264
executeOnce @ index.ts:490
chunkWithRetry @ index.ts:543
（匿名） @ index.ts:696
await in （匿名）
run @ p-queue.js?v=9034a478:655
#tryToStartAnother @ p-queue.js?v=9034a478:550
（匿名） @ p-queue.js?v=9034a478:712
add @ p-queue.js?v=9034a478:633
transferWithConcurrency @ index.ts:685
start @ index.ts:430
await in start
（匿名） @ TransferFile.ts:178
（匿名） @ TransferFile.ts:204
start @ TransferFile.ts:163
downloadFile @ index.ts:172
handleDownload @ App.vue:461
await in handleDownload
onClick @ App.vue:746
callWithErrorHandling @ runtime-dom.esm-bundler-DcqTl-gn.js?v=9034a478:1864
callWithAsyncErrorHandling @ runtime-dom.esm-bundler-DcqTl-gn.js?v=9034a478:1871
emit @ runtime-dom.esm-bundler-DcqTl-gn.js?v=9034a478:4584
（匿名） @ runtime-dom.esm-bundler-DcqTl-gn.js?v=9034a478:6753
handleClick @ element-plus.js?v=9034a478:15838
callWithErrorHandling @ runtime-dom.esm-bundler-DcqTl-gn.js?v=9034a478:1864
callWithAsyncErrorHandling @ runtime-dom.esm-bundler-DcqTl-gn.js?v=9034a478:1871
invoker @ runtime-dom.esm-bundler-DcqTl-gn.js?v=9034a478:7545
request.js:77 Request failed: AxiosError: Request aborted
    at XMLHttpRequest.handleAbort (axios.js?v=9034a478:2026:11)
    at TransferFile.ts:510:19
    at TransferFile.ts:517:17
    at Array.forEach (<anonymous>)
    at file.abort (TransferFile.ts:515:23)
    at overrides.signal.addEventListener.once (DownloadFile.ts:409:22)
    at index.ts:253:20
    at Array.forEach (<anonymous>)
    at DownloadChunkManager.cancel (index.ts:251:27)
    at next (TransferFile.ts:232:12)
    at Axios$1.request (axios.js?v=9034a478:2577:37)
（匿名） @ request.js:77
Promise.catch
（匿名） @ request.js:76
Ajax.ajax @ request.js:70
Ajax.get @ request.js:84
downloadFileApi @ index.ts:60
action @ App.vue:145
_doHttpRequest @ DownloadFile.ts:413
downloadChunk @ DownloadFile.ts:352
doChunkTransfer @ DownloadChunkManager.ts:264
executeOnce @ index.ts:490
chunkWithRetry @ index.ts:543
（匿名） @ index.ts:696
await in （匿名）
run @ p-queue.js?v=9034a478:655
#tryToStartAnother @ p-queue.js?v=9034a478:550
#next @ p-queue.js?v=9034a478:470
（匿名） @ p-queue.js?v=9034a478:679
XMLHttpRequest.send
XHRProxy.xhr.send @ index.ts:212
dispatchXhrRequest @ axios.js?v=9034a478:2072
xhr @ axios.js?v=9034a478:1982
dispatchRequest @ axios.js?v=9034a478:2450
Promise.then
_request @ axios.js?v=9034a478:2647
request @ axios.js?v=9034a478:2573
Axios$1.<computed> @ axios.js?v=9034a478:2684
wrap @ axios.js?v=9034a478:13
（匿名） @ request.js:72
Ajax.ajax @ request.js:70
Ajax.get @ request.js:84
downloadFileApi @ index.ts:60
action @ App.vue:145
_doHttpRequest @ DownloadFile.ts:413
downloadChunk @ DownloadFile.ts:352
doChunkTransfer @ DownloadChunkManager.ts:264
executeOnce @ index.ts:490
chunkWithRetry @ index.ts:543
（匿名） @ index.ts:696
await in （匿名）
run @ p-queue.js?v=9034a478:655
#tryToStartAnother @ p-queue.js?v=9034a478:550
#next @ p-queue.js?v=9034a478:470
（匿名） @ p-queue.js?v=9034a478:679
XMLHttpRequest.send
XHRProxy.xhr.send @ index.ts:212
dispatchXhrRequest @ axios.js?v=9034a478:2072
xhr @ axios.js?v=9034a478:1982
dispatchRequest @ axios.js?v=9034a478:2450
Promise.then
_request @ axios.js?v=9034a478:2647
request @ axios.js?v=9034a478:2573
Axios$1.<computed> @ axios.js?v=9034a478:2684
wrap @ axios.js?v=9034a478:13
（匿名） @ request.js:72
Ajax.ajax @ request.js:70
Ajax.get @ request.js:84
downloadFileApi @ index.ts:60
action @ App.vue:145
_doHttpRequest @ DownloadFile.ts:413
downloadChunk @ DownloadFile.ts:352
doChunkTransfer @ DownloadChunkManager.ts:264
executeOnce @ index.ts:490
chunkWithRetry @ index.ts:543
（匿名） @ index.ts:696
await in （匿名）
run @ p-queue.js?v=9034a478:655
#tryToStartAnother @ p-queue.js?v=9034a478:550
（匿名） @ p-queue.js?v=9034a478:712
add @ p-queue.js?v=9034a478:633
transferWithConcurrency @ index.ts:685
start @ index.ts:430
await in start
（匿名） @ TransferFile.ts:178
（匿名） @ TransferFile.ts:204
start @ TransferFile.ts:163
downloadFile @ index.ts:172
handleDownload @ App.vue:461
await in handleDownload
onClick @ App.vue:746
callWithErrorHandling @ runtime-dom.esm-bundler-DcqTl-gn.js?v=9034a478:1864
callWithAsyncErrorHandling @ runtime-dom.esm-bundler-DcqTl-gn.js?v=9034a478:1871
emit @ runtime-dom.esm-bundler-DcqTl-gn.js?v=9034a478:4584
（匿名） @ runtime-dom.esm-bundler-DcqTl-gn.js?v=9034a478:6753
handleClick @ element-plus.js?v=9034a478:15838
callWithErrorHandling @ runtime-dom.esm-bundler-DcqTl-gn.js?v=9034a478:1864
callWithAsyncErrorHandling @ runtime-dom.esm-bundler-DcqTl-gn.js?v=9034a478:1871
invoker @ runtime-dom.esm-bundler-DcqTl-gn.js?v=9034a478:7545
request.js:77 Request failed: AxiosError: Request aborted
    at XMLHttpRequest.handleAbort (axios.js?v=9034a478:2026:11)
    at TransferFile.ts:510:19
    at TransferFile.ts:517:17
    at Array.forEach (<anonymous>)
    at file.abort (TransferFile.ts:515:23)
    at overrides.signal.addEventListener.once (DownloadFile.ts:409:22)
    at index.ts:253:20
    at Array.forEach (<anonymous>)
    at DownloadChunkManager.cancel (index.ts:251:27)
    at next (TransferFile.ts:232:12)
    at Axios$1.request (axios.js?v=9034a478:2577:37)
（匿名） @ request.js:77
Promise.catch
（匿名） @ request.js:76
Ajax.ajax @ request.js:70
Ajax.get @ request.js:84
downloadFileApi @ index.ts:60
action @ App.vue:145
_doHttpRequest @ DownloadFile.ts:413
downloadChunk @ DownloadFile.ts:352
doChunkTransfer @ DownloadChunkManager.ts:264
executeOnce @ index.ts:490
chunkWithRetry @ index.ts:543
（匿名） @ index.ts:696
await in （匿名）
run @ p-queue.js?v=9034a478:655
#tryToStartAnother @ p-queue.js?v=9034a478:550
#next @ p-queue.js?v=9034a478:470
（匿名） @ p-queue.js?v=9034a478:679
XMLHttpRequest.send
XHRProxy.xhr.send @ index.ts:212
dispatchXhrRequest @ axios.js?v=9034a478:2072
xhr @ axios.js?v=9034a478:1982
dispatchRequest @ axios.js?v=9034a478:2450
Promise.then
_request @ axios.js?v=9034a478:2647
request @ axios.js?v=9034a478:2573
Axios$1.<computed> @ axios.js?v=9034a478:2684
wrap @ axios.js?v=9034a478:13
（匿名） @ request.js:72
Ajax.ajax @ request.js:70
Ajax.get @ request.js:84
downloadFileApi @ index.ts:60
action @ App.vue:145
_doHttpRequest @ DownloadFile.ts:413
downloadChunk @ DownloadFile.ts:352
doChunkTransfer @ DownloadChunkManager.ts:264
executeOnce @ index.ts:490
chunkWithRetry @ index.ts:543
（匿名） @ index.ts:696
await in （匿名）
run @ p-queue.js?v=9034a478:655
#tryToStartAnother @ p-queue.js?v=9034a478:550
#next @ p-queue.js?v=9034a478:470
（匿名） @ p-queue.js?v=9034a478:679
XMLHttpRequest.send
XHRProxy.xhr.send @ index.ts:212
dispatchXhrRequest @ axios.js?v=9034a478:2072
xhr @ axios.js?v=9034a478:1982
dispatchRequest @ axios.js?v=9034a478:2450
Promise.then
_request @ axios.js?v=9034a478:2647
request @ axios.js?v=9034a478:2573
Axios$1.<computed> @ axios.js?v=9034a478:2684
wrap @ axios.js?v=9034a478:13
（匿名） @ request.js:72
Ajax.ajax @ request.js:70
Ajax.get @ request.js:84
downloadFileApi @ index.ts:60
action @ App.vue:145
_doHttpRequest @ DownloadFile.ts:413
downloadChunk @ DownloadFile.ts:352
doChunkTransfer @ DownloadChunkManager.ts:264
executeOnce @ index.ts:490
chunkWithRetry @ index.ts:543
（匿名） @ index.ts:696
await in （匿名）
run @ p-queue.js?v=9034a478:655
#tryToStartAnother @ p-queue.js?v=9034a478:550
（匿名） @ p-queue.js?v=9034a478:712
add @ p-queue.js?v=9034a478:633
transferWithConcurrency @ index.ts:685
start @ index.ts:430
await in start
（匿名） @ TransferFile.ts:178
（匿名） @ TransferFile.ts:204
start @ TransferFile.ts:163
downloadFile @ index.ts:172
handleDownload @ App.vue:461
await in handleDownload
onClick @ App.vue:746
callWithErrorHandling @ runtime-dom.esm-bundler-DcqTl-gn.js?v=9034a478:1864
callWithAsyncErrorHandling @ runtime-dom.esm-bundler-DcqTl-gn.js?v=9034a478:1871
emit @ runtime-dom.esm-bundler-DcqTl-gn.js?v=9034a478:4584
（匿名） @ runtime-dom.esm-bundler-DcqTl-gn.js?v=9034a478:6753
handleClick @ element-plus.js?v=9034a478:15838
callWithErrorHandling @ runtime-dom.esm-bundler-DcqTl-gn.js?v=9034a478:1864
callWithAsyncErrorHandling @ runtime-dom.esm-bundler-DcqTl-gn.js?v=9034a478:1871
invoker @ runtime-dom.esm-bundler-DcqTl-gn.js?v=9034a478:7545
request.js:77 Request failed: AxiosError: Request aborted
    at XMLHttpRequest.handleAbort (axios.js?v=9034a478:2026:11)
    at TransferFile.ts:510:19
    at TransferFile.ts:517:17
    at Array.forEach (<anonymous>)
    at file.abort (TransferFile.ts:515:23)
    at overrides.signal.addEventListener.once (DownloadFile.ts:409:22)
    at index.ts:253:20
    at Array.forEach (<anonymous>)
    at DownloadChunkManager.cancel (index.ts:251:27)
    at next (TransferFile.ts:232:12)
    at Axios$1.request (axios.js?v=9034a478:2577:37)
（匿名） @ request.js:77
Promise.catch
（匿名） @ request.js:76
Ajax.ajax @ request.js:70
Ajax.get @ request.js:84
downloadFileApi @ index.ts:60
action @ App.vue:145
_doHttpRequest @ DownloadFile.ts:413
downloadChunk @ DownloadFile.ts:352
doChunkTransfer @ DownloadChunkManager.ts:264
executeOnce @ index.ts:490
chunkWithRetry @ index.ts:543
（匿名） @ index.ts:696
await in （匿名）
run @ p-queue.js?v=9034a478:655
#tryToStartAnother @ p-queue.js?v=9034a478:550
#next @ p-queue.js?v=9034a478:470
（匿名） @ p-queue.js?v=9034a478:679
XMLHttpRequest.send
XHRProxy.xhr.send @ index.ts:212
dispatchXhrRequest @ axios.js?v=9034a478:2072
xhr @ axios.js?v=9034a478:1982
dispatchRequest @ axios.js?v=9034a478:2450
Promise.then
_request @ axios.js?v=9034a478:2647
request @ axios.js?v=9034a478:2573
Axios$1.<computed> @ axios.js?v=9034a478:2684
wrap @ axios.js?v=9034a478:13
（匿名） @ request.js:72
Ajax.ajax @ request.js:70
Ajax.get @ request.js:84
downloadFileApi @ index.ts:60
action @ App.vue:145
_doHttpRequest @ DownloadFile.ts:413
downloadChunk @ DownloadFile.ts:352
doChunkTransfer @ DownloadChunkManager.ts:264
executeOnce @ index.ts:490
chunkWithRetry @ index.ts:543
（匿名） @ index.ts:696
await in （匿名）
run @ p-queue.js?v=9034a478:655
#tryToStartAnother @ p-queue.js?v=9034a478:550
#next @ p-queue.js?v=9034a478:470
（匿名） @ p-queue.js?v=9034a478:679
XMLHttpRequest.send
XHRProxy.xhr.send @ index.ts:212
dispatchXhrRequest @ axios.js?v=9034a478:2072
xhr @ axios.js?v=9034a478:1982
dispatchRequest @ axios.js?v=9034a478:2450
Promise.then
_request @ axios.js?v=9034a478:2647
request @ axios.js?v=9034a478:2573
Axios$1.<computed> @ axios.js?v=9034a478:2684
wrap @ axios.js?v=9034a478:13
（匿名） @ request.js:72
Ajax.ajax @ request.js:70
Ajax.get @ request.js:84
downloadFileApi @ index.ts:60
action @ App.vue:145
_doHttpRequest @ DownloadFile.ts:413
downloadChunk @ DownloadFile.ts:352
doChunkTransfer @ DownloadChunkManager.ts:264
executeOnce @ index.ts:490
chunkWithRetry @ index.ts:543
（匿名） @ index.ts:696
await in （匿名）
run @ p-queue.js?v=9034a478:655
#tryToStartAnother @ p-queue.js?v=9034a478:550
（匿名） @ p-queue.js?v=9034a478:712
add @ p-queue.js?v=9034a478:633
transferWithConcurrency @ index.ts:685
start @ index.ts:430
await in start
（匿名） @ TransferFile.ts:178
（匿名） @ TransferFile.ts:204
start @ TransferFile.ts:163
downloadFile @ index.ts:172
handleDownload @ App.vue:461
await in handleDownload
onClick @ App.vue:746
callWithErrorHandling @ runtime-dom.esm-bundler-DcqTl-gn.js?v=9034a478:1864
callWithAsyncErrorHandling @ runtime-dom.esm-bundler-DcqTl-gn.js?v=9034a478:1871
emit @ runtime-dom.esm-bundler-DcqTl-gn.js?v=9034a478:4584
（匿名） @ runtime-dom.esm-bundler-DcqTl-gn.js?v=9034a478:6753
handleClick @ element-plus.js?v=9034a478:15838
callWithErrorHandling @ runtime-dom.esm-bundler-DcqTl-gn.js?v=9034a478:1864
callWithAsyncErrorHandling @ runtime-dom.esm-bundler-DcqTl-gn.js?v=9034a478:1871
invoker @ runtime-dom.esm-bundler-DcqTl-gn.js?v=9034a478:7545
request.js:77 Request failed: AxiosError: Request aborted
    at XMLHttpRequest.handleAbort (axios.js?v=9034a478:2026:11)
    at TransferFile.ts:510:19
    at TransferFile.ts:517:17
    at Array.forEach (<anonymous>)
    at file.abort (TransferFile.ts:515:23)
    at overrides.signal.addEventListener.once (DownloadFile.ts:409:22)
    at index.ts:253:20
    at Array.forEach (<anonymous>)
    at DownloadChunkManager.cancel (index.ts:251:27)
    at next (TransferFile.ts:232:12)
    at Axios$1.request (axios.js?v=9034a478:2577:37)
（匿名） @ request.js:77
Promise.catch
（匿名） @ request.js:76
Ajax.ajax @ request.js:70
Ajax.get @ request.js:84
downloadFileApi @ index.ts:60
action @ App.vue:145
_doHttpRequest @ DownloadFile.ts:413
downloadChunk @ DownloadFile.ts:352
doChunkTransfer @ DownloadChunkManager.ts:264
executeOnce @ index.ts:490
chunkWithRetry @ index.ts:543
（匿名） @ index.ts:696
await in （匿名）
run @ p-queue.js?v=9034a478:655
#tryToStartAnother @ p-queue.js?v=9034a478:550
#next @ p-queue.js?v=9034a478:470
（匿名） @ p-queue.js?v=9034a478:679
XMLHttpRequest.send
XHRProxy.xhr.send @ index.ts:212
dispatchXhrRequest @ axios.js?v=9034a478:2072
xhr @ axios.js?v=9034a478:1982
dispatchRequest @ axios.js?v=9034a478:2450
Promise.then
_request @ axios.js?v=9034a478:2647
request @ axios.js?v=9034a478:2573
Axios$1.<computed> @ axios.js?v=9034a478:2684
wrap @ axios.js?v=9034a478:13
（匿名） @ request.js:72
Ajax.ajax @ request.js:70
Ajax.get @ request.js:84
downloadFileApi @ index.ts:60
action @ App.vue:145
_doHttpRequest @ DownloadFile.ts:413
downloadChunk @ DownloadFile.ts:352
doChunkTransfer @ DownloadChunkManager.ts:264
executeOnce @ index.ts:490
chunkWithRetry @ index.ts:543
（匿名） @ index.ts:696
await in （匿名）
run @ p-queue.js?v=9034a478:655
#tryToStartAnother @ p-queue.js?v=9034a478:550
#next @ p-queue.js?v=9034a478:470
（匿名） @ p-queue.js?v=9034a478:679
XMLHttpRequest.send
XHRProxy.xhr.send @ index.ts:212
dispatchXhrRequest @ axios.js?v=9034a478:2072
xhr @ axios.js?v=9034a478:1982
dispatchRequest @ axios.js?v=9034a478:2450
Promise.then
_request @ axios.js?v=9034a478:2647
request @ axios.js?v=9034a478:2573
Axios$1.<computed> @ axios.js?v=9034a478:2684
wrap @ axios.js?v=9034a478:13
（匿名） @ request.js:72
Ajax.ajax @ request.js:70
Ajax.get @ request.js:84
downloadFileApi @ index.ts:60
action @ App.vue:145
_doHttpRequest @ DownloadFile.ts:413
downloadChunk @ DownloadFile.ts:352
doChunkTransfer @ DownloadChunkManager.ts:264
executeOnce @ index.ts:490
chunkWithRetry @ index.ts:543
（匿名） @ index.ts:696
await in （匿名）
run @ p-queue.js?v=9034a478:655
#tryToStartAnother @ p-queue.js?v=9034a478:550
#next @ p-queue.js?v=9034a478:470
（匿名） @ p-queue.js?v=9034a478:679
XMLHttpRequest.send
XHRProxy.xhr.send @ index.ts:212
dispatchXhrRequest @ axios.js?v=9034a478:2072
xhr @ axios.js?v=9034a478:1982
dispatchRequest @ axios.js?v=9034a478:2450
Promise.then
_request @ axios.js?v=9034a478:2647
request @ axios.js?v=9034a478:2573
Axios$1.<computed> @ axios.js?v=9034a478:2684
wrap @ axios.js?v=9034a478:13
（匿名） @ request.js:72
Ajax.ajax @ request.js:70
Ajax.get @ request.js:84
downloadFileApi @ index.ts:60
action @ App.vue:145
_doHttpRequest @ DownloadFile.ts:413
downloadChunk @ DownloadFile.ts:352
doChunkTransfer @ DownloadChunkManager.ts:264
executeOnce @ index.ts:490
chunkWithRetry @ index.ts:543
（匿名） @ index.ts:696
await in （匿名）
run @ p-queue.js?v=9034a478:655
#tryToStartAnother @ p-queue.js?v=9034a478:550
（匿名） @ p-queue.js?v=9034a478:712
add @ p-queue.js?v=9034a478:633
transferWithConcurrency @ index.ts:685
start @ index.ts:430
await in start
（匿名） @ TransferFile.ts:178
（匿名） @ TransferFile.ts:204
start @ TransferFile.ts:163
downloadFile @ index.ts:172
handleDownload @ App.vue:461
await in handleDownload
onClick @ App.vue:746
callWithErrorHandling @ runtime-dom.esm-bundler-DcqTl-gn.js?v=9034a478:1864
callWithAsyncErrorHandling @ runtime-dom.esm-bundler-DcqTl-gn.js?v=9034a478:1871
emit @ runtime-dom.esm-bundler-DcqTl-gn.js?v=9034a478:4584
（匿名） @ runtime-dom.esm-bundler-DcqTl-gn.js?v=9034a478:6753
handleClick @ element-plus.js?v=9034a478:15838
callWithErrorHandling @ runtime-dom.esm-bundler-DcqTl-gn.js?v=9034a478:1864
callWithAsyncErrorHandling @ runtime-dom.esm-bundler-DcqTl-gn.js?v=9034a478:1871
invoker @ runtime-dom.esm-bundler-DcqTl-gn.js?v=9034a478:7545
index.ts:313 [ERROR] [DownloadChunkManager] ❌ 分片 58/92 传输失败 {chunkIndex: 57, error: 'Request aborted', completedChunks: 57, totalChunks: 92} 
    at DownloadChunkManager.handleChunkError (http://localhost:6677/@fs/D:/yjl/file-UD/packages/core/src/chunkManager/index.ts?t=1781779343751:443:10)
log @ index.ts:313
error @ index.ts:395
handleChunkError @ index.ts:634
executeOnce @ index.ts:504
await in executeOnce
chunkWithRetry @ index.ts:543
（匿名） @ index.ts:696
await in （匿名）
run @ p-queue.js?v=9034a478:655
#tryToStartAnother @ p-queue.js?v=9034a478:550
#next @ p-queue.js?v=9034a478:470
（匿名） @ p-queue.js?v=9034a478:679
XMLHttpRequest.send
XHRProxy.xhr.send @ index.ts:212
dispatchXhrRequest @ axios.js?v=9034a478:2072
xhr @ axios.js?v=9034a478:1982
dispatchRequest @ axios.js?v=9034a478:2450
Promise.then
_request @ axios.js?v=9034a478:2647
request @ axios.js?v=9034a478:2573
Axios$1.<computed> @ axios.js?v=9034a478:2684
wrap @ axios.js?v=9034a478:13
（匿名） @ request.js:72
Ajax.ajax @ request.js:70
Ajax.get @ request.js:84
downloadFileApi @ index.ts:60
action @ App.vue:145
_doHttpRequest @ DownloadFile.ts:413
downloadChunk @ DownloadFile.ts:352
doChunkTransfer @ DownloadChunkManager.ts:264
executeOnce @ index.ts:490
chunkWithRetry @ index.ts:543
（匿名） @ index.ts:696
await in （匿名）
run @ p-queue.js?v=9034a478:655
#tryToStartAnother @ p-queue.js?v=9034a478:550
#next @ p-queue.js?v=9034a478:470
（匿名） @ p-queue.js?v=9034a478:679
XMLHttpRequest.send
XHRProxy.xhr.send @ index.ts:212
dispatchXhrRequest @ axios.js?v=9034a478:2072
xhr @ axios.js?v=9034a478:1982
dispatchRequest @ axios.js?v=9034a478:2450
Promise.then
_request @ axios.js?v=9034a478:2647
request @ axios.js?v=9034a478:2573
Axios$1.<computed> @ axios.js?v=9034a478:2684
wrap @ axios.js?v=9034a478:13
（匿名） @ request.js:72
Ajax.ajax @ request.js:70
Ajax.get @ request.js:84
downloadFileApi @ index.ts:60
action @ App.vue:145
_doHttpRequest @ DownloadFile.ts:413
downloadChunk @ DownloadFile.ts:352
doChunkTransfer @ DownloadChunkManager.ts:264
executeOnce @ index.ts:490
chunkWithRetry @ index.ts:543
（匿名） @ index.ts:696
await in （匿名）
run @ p-queue.js?v=9034a478:655
#tryToStartAnother @ p-queue.js?v=9034a478:550
（匿名） @ p-queue.js?v=9034a478:712
add @ p-queue.js?v=9034a478:633
transferWithConcurrency @ index.ts:685
start @ index.ts:430
await in start
（匿名） @ TransferFile.ts:178
（匿名） @ TransferFile.ts:204
start @ TransferFile.ts:163
downloadFile @ index.ts:172
handleDownload @ App.vue:461
await in handleDownload
onClick @ App.vue:746
callWithErrorHandling @ runtime-dom.esm-bundler-DcqTl-gn.js?v=9034a478:1864
callWithAsyncErrorHandling @ runtime-dom.esm-bundler-DcqTl-gn.js?v=9034a478:1871
emit @ runtime-dom.esm-bundler-DcqTl-gn.js?v=9034a478:4584
（匿名） @ runtime-dom.esm-bundler-DcqTl-gn.js?v=9034a478:6753
handleClick @ element-plus.js?v=9034a478:15838
callWithErrorHandling @ runtime-dom.esm-bundler-DcqTl-gn.js?v=9034a478:1864
callWithAsyncErrorHandling @ runtime-dom.esm-bundler-DcqTl-gn.js?v=9034a478:1871
invoker @ runtime-dom.esm-bundler-DcqTl-gn.js?v=9034a478:7545
index.ts:313 [ERROR] [DownloadChunkManager] ❌ 分片 59/92 传输失败 {chunkIndex: 58, error: 'Request aborted', completedChunks: 57, totalChunks: 92} 
    at DownloadChunkManager.handleChunkError (http://localhost:6677/@fs/D:/yjl/file-UD/packages/core/src/chunkManager/index.ts?t=1781779343751:443:10)
log @ index.ts:313
error @ index.ts:395
handleChunkError @ index.ts:634
executeOnce @ index.ts:504
await in executeOnce
chunkWithRetry @ index.ts:543
（匿名） @ index.ts:696
await in （匿名）
run @ p-queue.js?v=9034a478:655
#tryToStartAnother @ p-queue.js?v=9034a478:550
#next @ p-queue.js?v=9034a478:470
（匿名） @ p-queue.js?v=9034a478:679
XMLHttpRequest.send
XHRProxy.xhr.send @ index.ts:212
dispatchXhrRequest @ axios.js?v=9034a478:2072
xhr @ axios.js?v=9034a478:1982
dispatchRequest @ axios.js?v=9034a478:2450
Promise.then
_request @ axios.js?v=9034a478:2647
request @ axios.js?v=9034a478:2573
Axios$1.<computed> @ axios.js?v=9034a478:2684
wrap @ axios.js?v=9034a478:13
（匿名） @ request.js:72
Ajax.ajax @ request.js:70
Ajax.get @ request.js:84
downloadFileApi @ index.ts:60
action @ App.vue:145
_doHttpRequest @ DownloadFile.ts:413
downloadChunk @ DownloadFile.ts:352
doChunkTransfer @ DownloadChunkManager.ts:264
executeOnce @ index.ts:490
chunkWithRetry @ index.ts:543
（匿名） @ index.ts:696
await in （匿名）
run @ p-queue.js?v=9034a478:655
#tryToStartAnother @ p-queue.js?v=9034a478:550
#next @ p-queue.js?v=9034a478:470
（匿名） @ p-queue.js?v=9034a478:679
XMLHttpRequest.send
XHRProxy.xhr.send @ index.ts:212
dispatchXhrRequest @ axios.js?v=9034a478:2072
xhr @ axios.js?v=9034a478:1982
dispatchRequest @ axios.js?v=9034a478:2450
Promise.then
_request @ axios.js?v=9034a478:2647
request @ axios.js?v=9034a478:2573
Axios$1.<computed> @ axios.js?v=9034a478:2684
wrap @ axios.js?v=9034a478:13
（匿名） @ request.js:72
Ajax.ajax @ request.js:70
Ajax.get @ request.js:84
downloadFileApi @ index.ts:60
action @ App.vue:145
_doHttpRequest @ DownloadFile.ts:413
downloadChunk @ DownloadFile.ts:352
doChunkTransfer @ DownloadChunkManager.ts:264
executeOnce @ index.ts:490
chunkWithRetry @ index.ts:543
（匿名） @ index.ts:696
await in （匿名）
run @ p-queue.js?v=9034a478:655
#tryToStartAnother @ p-queue.js?v=9034a478:550
（匿名） @ p-queue.js?v=9034a478:712
add @ p-queue.js?v=9034a478:633
transferWithConcurrency @ index.ts:685
start @ index.ts:430
await in start
（匿名） @ TransferFile.ts:178
（匿名） @ TransferFile.ts:204
start @ TransferFile.ts:163
downloadFile @ index.ts:172
handleDownload @ App.vue:461
await in handleDownload
onClick @ App.vue:746
callWithErrorHandling @ runtime-dom.esm-bundler-DcqTl-gn.js?v=9034a478:1864
callWithAsyncErrorHandling @ runtime-dom.esm-bundler-DcqTl-gn.js?v=9034a478:1871
emit @ runtime-dom.esm-bundler-DcqTl-gn.js?v=9034a478:4584
（匿名） @ runtime-dom.esm-bundler-DcqTl-gn.js?v=9034a478:6753
handleClick @ element-plus.js?v=9034a478:15838
callWithErrorHandling @ runtime-dom.esm-bundler-DcqTl-gn.js?v=9034a478:1864
callWithAsyncErrorHandling @ runtime-dom.esm-bundler-DcqTl-gn.js?v=9034a478:1871
invoker @ runtime-dom.esm-bundler-DcqTl-gn.js?v=9034a478:7545
index.ts:313 [ERROR] [DownloadChunkManager] ❌ 分片 60/92 传输失败 {chunkIndex: 59, error: 'Request aborted', completedChunks: 57, totalChunks: 92} 
    at DownloadChunkManager.handleChunkError (http://localhost:6677/@fs/D:/yjl/file-UD/packages/core/src/chunkManager/index.ts?t=1781779343751:443:10)
log @ index.ts:313
error @ index.ts:395
handleChunkError @ index.ts:634
executeOnce @ index.ts:504
await in executeOnce
chunkWithRetry @ index.ts:543
（匿名） @ index.ts:696
await in （匿名）
run @ p-queue.js?v=9034a478:655
#tryToStartAnother @ p-queue.js?v=9034a478:550
#next @ p-queue.js?v=9034a478:470
（匿名） @ p-queue.js?v=9034a478:679
XMLHttpRequest.send
XHRProxy.xhr.send @ index.ts:212
dispatchXhrRequest @ axios.js?v=9034a478:2072
xhr @ axios.js?v=9034a478:1982
dispatchRequest @ axios.js?v=9034a478:2450
Promise.then
_request @ axios.js?v=9034a478:2647
request @ axios.js?v=9034a478:2573
Axios$1.<computed> @ axios.js?v=9034a478:2684
wrap @ axios.js?v=9034a478:13
（匿名） @ request.js:72
Ajax.ajax @ request.js:70
Ajax.get @ request.js:84
downloadFileApi @ index.ts:60
action @ App.vue:145
_doHttpRequest @ DownloadFile.ts:413
downloadChunk @ DownloadFile.ts:352
doChunkTransfer @ DownloadChunkManager.ts:264
executeOnce @ index.ts:490
chunkWithRetry @ index.ts:543
（匿名） @ index.ts:696
await in （匿名）
run @ p-queue.js?v=9034a478:655
#tryToStartAnother @ p-queue.js?v=9034a478:550
#next @ p-queue.js?v=9034a478:470
（匿名） @ p-queue.js?v=9034a478:679
XMLHttpRequest.send
XHRProxy.xhr.send @ index.ts:212
dispatchXhrRequest @ axios.js?v=9034a478:2072
xhr @ axios.js?v=9034a478:1982
dispatchRequest @ axios.js?v=9034a478:2450
Promise.then
_request @ axios.js?v=9034a478:2647
request @ axios.js?v=9034a478:2573
Axios$1.<computed> @ axios.js?v=9034a478:2684
wrap @ axios.js?v=9034a478:13
（匿名） @ request.js:72
Ajax.ajax @ request.js:70
Ajax.get @ request.js:84
downloadFileApi @ index.ts:60
action @ App.vue:145
_doHttpRequest @ DownloadFile.ts:413
downloadChunk @ DownloadFile.ts:352
doChunkTransfer @ DownloadChunkManager.ts:264
executeOnce @ index.ts:490
chunkWithRetry @ index.ts:543
（匿名） @ index.ts:696
await in （匿名）
run @ p-queue.js?v=9034a478:655
#tryToStartAnother @ p-queue.js?v=9034a478:550
（匿名） @ p-queue.js?v=9034a478:712
add @ p-queue.js?v=9034a478:633
transferWithConcurrency @ index.ts:685
start @ index.ts:430
await in start
（匿名） @ TransferFile.ts:178
（匿名） @ TransferFile.ts:204
start @ TransferFile.ts:163
downloadFile @ index.ts:172
handleDownload @ App.vue:461
await in handleDownload
onClick @ App.vue:746
callWithErrorHandling @ runtime-dom.esm-bundler-DcqTl-gn.js?v=9034a478:1864
callWithAsyncErrorHandling @ runtime-dom.esm-bundler-DcqTl-gn.js?v=9034a478:1871
emit @ runtime-dom.esm-bundler-DcqTl-gn.js?v=9034a478:4584
（匿名） @ runtime-dom.esm-bundler-DcqTl-gn.js?v=9034a478:6753
handleClick @ element-plus.js?v=9034a478:15838
callWithErrorHandling @ runtime-dom.esm-bundler-DcqTl-gn.js?v=9034a478:1864
callWithAsyncErrorHandling @ runtime-dom.esm-bundler-DcqTl-gn.js?v=9034a478:1871
invoker @ runtime-dom.esm-bundler-DcqTl-gn.js?v=9034a478:7545
index.ts:313 [ERROR] [DownloadChunkManager] ❌ 分片 61/92 传输失败 {chunkIndex: 60, error: 'Request aborted', completedChunks: 57, totalChunks: 92} 
    at DownloadChunkManager.handleChunkError (http://localhost:6677/@fs/D:/yjl/file-UD/packages/core/src/chunkManager/index.ts?t=1781779343751:443:10)
log @ index.ts:313
error @ index.ts:395
handleChunkError @ index.ts:634
executeOnce @ index.ts:504
await in executeOnce
chunkWithRetry @ index.ts:543
（匿名） @ index.ts:696
await in （匿名）
run @ p-queue.js?v=9034a478:655
#tryToStartAnother @ p-queue.js?v=9034a478:550
#next @ p-queue.js?v=9034a478:470
（匿名） @ p-queue.js?v=9034a478:679
XMLHttpRequest.send
XHRProxy.xhr.send @ index.ts:212
dispatchXhrRequest @ axios.js?v=9034a478:2072
xhr @ axios.js?v=9034a478:1982
dispatchRequest @ axios.js?v=9034a478:2450
Promise.then
_request @ axios.js?v=9034a478:2647
request @ axios.js?v=9034a478:2573
Axios$1.<computed> @ axios.js?v=9034a478:2684
wrap @ axios.js?v=9034a478:13
（匿名） @ request.js:72
Ajax.ajax @ request.js:70
Ajax.get @ request.js:84
downloadFileApi @ index.ts:60
action @ App.vue:145
_doHttpRequest @ DownloadFile.ts:413
downloadChunk @ DownloadFile.ts:352
doChunkTransfer @ DownloadChunkManager.ts:264
executeOnce @ index.ts:490
chunkWithRetry @ index.ts:543
（匿名） @ index.ts:696
await in （匿名）
run @ p-queue.js?v=9034a478:655
#tryToStartAnother @ p-queue.js?v=9034a478:550
#next @ p-queue.js?v=9034a478:470
（匿名） @ p-queue.js?v=9034a478:679
XMLHttpRequest.send
XHRProxy.xhr.send @ index.ts:212
dispatchXhrRequest @ axios.js?v=9034a478:2072
xhr @ axios.js?v=9034a478:1982
dispatchRequest @ axios.js?v=9034a478:2450
Promise.then
_request @ axios.js?v=9034a478:2647
request @ axios.js?v=9034a478:2573
Axios$1.<computed> @ axios.js?v=9034a478:2684
wrap @ axios.js?v=9034a478:13
（匿名） @ request.js:72
Ajax.ajax @ request.js:70
Ajax.get @ request.js:84
downloadFileApi @ index.ts:60
action @ App.vue:145
_doHttpRequest @ DownloadFile.ts:413
downloadChunk @ DownloadFile.ts:352
doChunkTransfer @ DownloadChunkManager.ts:264
executeOnce @ index.ts:490
chunkWithRetry @ index.ts:543
（匿名） @ index.ts:696
await in （匿名）
run @ p-queue.js?v=9034a478:655
#tryToStartAnother @ p-queue.js?v=9034a478:550
（匿名） @ p-queue.js?v=9034a478:712
add @ p-queue.js?v=9034a478:633
transferWithConcurrency @ index.ts:685
start @ index.ts:430
await in start
（匿名） @ TransferFile.ts:178
（匿名） @ TransferFile.ts:204
start @ TransferFile.ts:163
downloadFile @ index.ts:172
handleDownload @ App.vue:461
await in handleDownload
onClick @ App.vue:746
callWithErrorHandling @ runtime-dom.esm-bundler-DcqTl-gn.js?v=9034a478:1864
callWithAsyncErrorHandling @ runtime-dom.esm-bundler-DcqTl-gn.js?v=9034a478:1871
emit @ runtime-dom.esm-bundler-DcqTl-gn.js?v=9034a478:4584
（匿名） @ runtime-dom.esm-bundler-DcqTl-gn.js?v=9034a478:6753
handleClick @ element-plus.js?v=9034a478:15838
callWithErrorHandling @ runtime-dom.esm-bundler-DcqTl-gn.js?v=9034a478:1864
callWithAsyncErrorHandling @ runtime-dom.esm-bundler-DcqTl-gn.js?v=9034a478:1871
invoker @ runtime-dom.esm-bundler-DcqTl-gn.js?v=9034a478:7545
index.ts:313 [ERROR] [DownloadChunkManager] ❌ 分片 62/92 传输失败 {chunkIndex: 61, error: 'Request aborted', completedChunks: 57, totalChunks: 92} 
    at DownloadChunkManager.handleChunkError (http://localhost:6677/@fs/D:/yjl/file-UD/packages/core/src/chunkManager/index.ts?t=1781779343751:443:10)
log @ index.ts:313
error @ index.ts:395
handleChunkError @ index.ts:634
executeOnce @ index.ts:504
await in executeOnce
chunkWithRetry @ index.ts:543
（匿名） @ index.ts:696
await in （匿名）
run @ p-queue.js?v=9034a478:655
#tryToStartAnother @ p-queue.js?v=9034a478:550
#next @ p-queue.js?v=9034a478:470
（匿名） @ p-queue.js?v=9034a478:679
XMLHttpRequest.send
XHRProxy.xhr.send @ index.ts:212
dispatchXhrRequest @ axios.js?v=9034a478:2072
xhr @ axios.js?v=9034a478:1982
dispatchRequest @ axios.js?v=9034a478:2450
Promise.then
_request @ axios.js?v=9034a478:2647
request @ axios.js?v=9034a478:2573
Axios$1.<computed> @ axios.js?v=9034a478:2684
wrap @ axios.js?v=9034a478:13
（匿名） @ request.js:72
Ajax.ajax @ request.js:70
Ajax.get @ request.js:84
downloadFileApi @ index.ts:60
action @ App.vue:145
_doHttpRequest @ DownloadFile.ts:413
downloadChunk @ DownloadFile.ts:352
doChunkTransfer @ DownloadChunkManager.ts:264
executeOnce @ index.ts:490
chunkWithRetry @ index.ts:543
（匿名） @ index.ts:696
await in （匿名）
run @ p-queue.js?v=9034a478:655
#tryToStartAnother @ p-queue.js?v=9034a478:550
#next @ p-queue.js?v=9034a478:470
（匿名） @ p-queue.js?v=9034a478:679
XMLHttpRequest.send
XHRProxy.xhr.send @ index.ts:212
dispatchXhrRequest @ axios.js?v=9034a478:2072
xhr @ axios.js?v=9034a478:1982
dispatchRequest @ axios.js?v=9034a478:2450
Promise.then
_request @ axios.js?v=9034a478:2647
request @ axios.js?v=9034a478:2573
Axios$1.<computed> @ axios.js?v=9034a478:2684
wrap @ axios.js?v=9034a478:13
（匿名） @ request.js:72
Ajax.ajax @ request.js:70
Ajax.get @ request.js:84
downloadFileApi @ index.ts:60
action @ App.vue:145
_doHttpRequest @ DownloadFile.ts:413
downloadChunk @ DownloadFile.ts:352
doChunkTransfer @ DownloadChunkManager.ts:264
executeOnce @ index.ts:490
chunkWithRetry @ index.ts:543
（匿名） @ index.ts:696
await in （匿名）
run @ p-queue.js?v=9034a478:655
#tryToStartAnother @ p-queue.js?v=9034a478:550
#next @ p-queue.js?v=9034a478:470
（匿名） @ p-queue.js?v=9034a478:679
XMLHttpRequest.send
XHRProxy.xhr.send @ index.ts:212
dispatchXhrRequest @ axios.js?v=9034a478:2072
xhr @ axios.js?v=9034a478:1982
dispatchRequest @ axios.js?v=9034a478:2450
Promise.then
_request @ axios.js?v=9034a478:2647
request @ axios.js?v=9034a478:2573
Axios$1.<computed> @ axios.js?v=9034a478:2684
wrap @ axios.js?v=9034a478:13
（匿名） @ request.js:72
Ajax.ajax @ request.js:70
Ajax.get @ request.js:84
downloadFileApi @ index.ts:60
action @ App.vue:145
_doHttpRequest @ DownloadFile.ts:413
downloadChunk @ DownloadFile.ts:352
doChunkTransfer @ DownloadChunkManager.ts:264
executeOnce @ index.ts:490
chunkWithRetry @ index.ts:543
（匿名） @ index.ts:696
await in （匿名）
run @ p-queue.js?v=9034a478:655
#tryToStartAnother @ p-queue.js?v=9034a478:550
（匿名） @ p-queue.js?v=9034a478:712
add @ p-queue.js?v=9034a478:633
transferWithConcurrency @ index.ts:685
start @ index.ts:430
await in start
（匿名） @ TransferFile.ts:178
（匿名） @ TransferFile.ts:204
start @ TransferFile.ts:163
downloadFile @ index.ts:172
handleDownload @ App.vue:461
await in handleDownload
onClick @ App.vue:746
callWithErrorHandling @ runtime-dom.esm-bundler-DcqTl-gn.js?v=9034a478:1864
callWithAsyncErrorHandling @ runtime-dom.esm-bundler-DcqTl-gn.js?v=9034a478:1871
emit @ runtime-dom.esm-bundler-DcqTl-gn.js?v=9034a478:4584
（匿名） @ runtime-dom.esm-bundler-DcqTl-gn.js?v=9034a478:6753
handleClick @ element-plus.js?v=9034a478:15838
callWithErrorHandling @ runtime-dom.esm-bundler-DcqTl-gn.js?v=9034a478:1864
callWithAsyncErrorHandling @ runtime-dom.esm-bundler-DcqTl-gn.js?v=9034a478:1871
invoker @ runtime-dom.esm-bundler-DcqTl-gn.js?v=9034a478:7545
index.ts:307 [INFO] [DownloadChunkManager] ✅ 分片 58/92 取消重试（传输已取消） 
    at DownloadChunkManager.chunkWithRetry (http://localhost:6677/@fs/D:/yjl/file-UD/packages/core/src/chunkManager/index.ts?t=1781779343751:374:12)
index.ts:307 [INFO] [DownloadChunkManager] ✅ 分片 59/92 取消重试（传输已取消） 
    at DownloadChunkManager.chunkWithRetry (http://localhost:6677/@fs/D:/yjl/file-UD/packages/core/src/chunkManager/index.ts?t=1781779343751:374:12)
index.ts:307 [INFO] [DownloadChunkManager] ✅ 分片 60/92 取消重试（传输已取消） 
    at DownloadChunkManager.chunkWithRetry (http://localhost:6677/@fs/D:/yjl/file-UD/packages/core/src/chunkManager/index.ts?t=1781779343751:374:12)
index.ts:307 [INFO] [DownloadChunkManager] ✅ 分片 61/92 取消重试（传输已取消） 
    at DownloadChunkManager.chunkWithRetry (http://localhost:6677/@fs/D:/yjl/file-UD/packages/core/src/chunkManager/index.ts?t=1781779343751:374:12)
index.ts:307 [INFO] [DownloadChunkManager] ✅ 分片 62/92 取消重试（传输已取消） 
    at DownloadChunkManager.chunkWithRetry (http://localhost:6677/@fs/D:/yjl/file-UD/packages/core/src/chunkManager/index.ts?t=1781779343751:374:12)
TransferFile.ts:289 [TransferFile] retry() 被调用, fileName=test4.mp4, proxyStatus=cancelled
TransferFile.ts:301 [TransferFile] ✅ 状态检查通过，开始重试: test4.mp4
index.ts:307 [INFO] [DownloadFile] ✅ 文件 test4.mp4 开始重试 {fileId: 'file_mqjdod0m_mdc61d7i', fileName: 'test4.mp4', status: 'cancelled', completedChunks: 57, totalChunks: 92, …} 
    at Proxy.retry (http://localhost:6677/@fs/D:/yjl/file-UD/packages/core/src/transfer/TransferFile.ts?t=1781779603130:193:11)
index.ts:127 [Monitor Debug] 收到日志: {module: 'DownloadFile', message: '✅ 文件 test4.mp4 开始重试', args: Array(1), timestamp: 1781779787032}
TransferFile.ts:339 [TransferFile] 调用 chunkManager.start(), completedChunks=57, totalChunks=92
index.ts:354 [ChunkManager] start() 入口, fileName=test4.mp4, gen=2, completedChunks=57, totalChunks=92, isCancelled=true, isPaused=true
DownloadChunkManager.ts:455 [DownloadChunkManager] ensureWritableClosed() 入口, pendingWrites=11, hasWritable=true
DownloadChunkManager.ts:469 [DownloadChunkManager] pendingWrites 全部完成
DownloadChunkManager.ts:480 [DownloadChunkManager] writable 已关闭
DownloadChunkManager.ts:487 [DownloadChunkManager] ensureWritableClosed() 完成
index.ts:307 [INFO] [DownloadChunkManager] ✅ 初始化下载任务 {fileName: 'test4.mp4', totalChunks: 92} 
    at Proxy.doInit (http://localhost:6677/@fs/D:/yjl/file-UD/packages/core/src/downloader/DownloadChunkManager.ts?t=1781779603130:34:10)
DownloadChunkManager.ts:59 [DownloadChunkManager] doInit() 入口, fileName=test4.mp4, completedChunks=0, totalChunks=92
App.vue:168 [App] onInitChunk 回调结果: fileHash=test4.mp4-1924753074, serverChunks= []
index.ts:307 [INFO] [DownloadChunkManager] ✅ 初始化回调返回成功 {fileName: 'test4.mp4'} 
    at Proxy.doInit (http://localhost:6677/@fs/D:/yjl/file-UD/packages/core/src/downloader/DownloadChunkManager.ts?t=1781779603130:53:13)
DownloadChunkManager.ts:170 [DownloadChunkManager] 🔍 尝试从 IndexedDB 恢复进度, fileHash=test4.mp4-1924753074, enableFileCache=true
index.ts:307 [INFO] [FileCache] ✅ 加载下载进度: test4.mp4 (56/92) 
    at request.onsuccess (http://localhost:6677/@fs/D:/yjl/file-UD/packages/core/src/utils/fileCache.ts:457:13)
DownloadChunkManager.ts:176 [DownloadChunkManager] 📦 IndexedDB 查询结果: 找到 56/92 个已完成分片
index.ts:307 [INFO] [DownloadChunkManager] ✅ ✅ 从 IndexedDB 恢复下载进度 {fileName: 'test4.mp4', completedChunks: 56, totalChunks: 92} 
    at Proxy.doInit (http://localhost:6677/@fs/D:/yjl/file-UD/packages/core/src/downloader/DownloadChunkManager.ts?t=1781779603130:112:13)
index.ts:307 [INFO] [DownloadChunkManager] ✅ ✅ 启用流式写入磁盘（续传模式） {fileName: 'test4.mp4', keepExistingData: true} 
    at Proxy.doInit (http://localhost:6677/@fs/D:/yjl/file-UD/packages/core/src/downloader/DownloadChunkManager.ts?t=1781779603130:151:11)
DownloadChunkManager.ts:244 [DownloadChunkManager] doInit() 完成, completedChunks=56, isResuming=true, hasWritable=true
index.ts:413 [ChunkManager] doInit() 返回, completedChunks=56, totalChunks=92
index.ts:426 [ChunkManager] 开始 transferWithConcurrency, 需下载 36 个分片
index.ts:310 [WARN] [DownloadChunkManager] ⚠️ 传输未完成 {completedChunks: 56, totalChunks: 92} 
    at Proxy.checkStatistics (http://localhost:6677/@fs/D:/yjl/file-UD/packages/core/src/chunkManager/index.ts?t=1781779343751:528:11)
log @ index.ts:310
warn @ index.ts:384
checkStatistics @ index.ts:745
start @ index.ts:432
await in start
retry @ TransferFile.ts:342
onClick @ App.vue:913
callWithErrorHandling @ runtime-dom.esm-bundler-DcqTl-gn.js?v=9034a478:1864
callWithAsyncErrorHandling @ runtime-dom.esm-bundler-DcqTl-gn.js?v=9034a478:1871
emit @ runtime-dom.esm-bundler-DcqTl-gn.js?v=9034a478:4584
（匿名） @ runtime-dom.esm-bundler-DcqTl-gn.js?v=9034a478:6753
handleClick @ element-plus.js?v=9034a478:15838
callWithErrorHandling @ runtime-dom.esm-bundler-DcqTl-gn.js?v=9034a478:1864
callWithAsyncErrorHandling @ runtime-dom.esm-bundler-DcqTl-gn.js?v=9034a478:1871
invoker @ runtime-dom.esm-bundler-DcqTl-gn.js?v=9034a478:7545
TransferFile.ts:351 [TransferFile] start() 完成, proxyStatus=UDLoading
